[INFO] 2019-05-28 19:55:00,100:  Started calculating mutations for user 33 (1/23)...
[INFO] 2019-05-28 19:55:03,503:  Finished calculating mutations for user 33 (1/23) in 3 seconds
[INFO] 2019-05-28 19:55:03,503:  Started prediction mutations for user 33 (1/23)...
[INFO] 2019-05-28 19:55:04,085:  Finished prediction mutations for user 33 (1/23) in 0 seconds
[INFO] 2019-05-28 19:55:04,085:  Started calculating mutations for user 266 (2/23)...
[INFO] 2019-05-28 19:55:07,364:  Finished calculating mutations for user 266 (2/23) in 3 seconds
[INFO] 2019-05-28 19:55:07,365:  Started prediction mutations for user 266 (2/23)...
[INFO] 2019-05-28 19:55:07,953:  Finished prediction mutations for user 266 (2/23) in 0 seconds
[INFO] 2019-05-28 19:55:07,953:  Started calculating mutations for user 2074 (3/23)...
[INFO] 2019-05-28 19:55:11,027:  Finished calculating mutations for user 2074 (3/23) in 3 seconds
[INFO] 2019-05-28 19:55:11,027:  Started prediction mutations for user 2074 (3/23)...
[INFO] 2019-05-28 19:55:11,560:  Finished prediction mutations for user 2074 (3/23) in 0 seconds
[INFO] 2019-05-28 19:55:11,560:  Started calculating mutations for user 45 (4/23)...
[WARNING] 2019-05-28 19:55:12,071:  Invalid SNP for user 45. Marking invalid.
Row: Rsid        rs6488253
Genotype          NaN
Ref                 G
Alt                 A
Name: 282161, dtype: object.
Reason: 'float' object is not iterable
[WARNING] 2019-05-28 19:55:12,072:  Invalid SNP for user 45. Marking invalid.
Row: Rsid        rs749846
Genotype         NaN
Ref                C
Alt                A
Name: 282161, dtype: object.
Reason: 'float' object is not iterable
[WARNING] 2019-05-28 19:55:12,073:  Invalid SNP for user 45. Marking invalid.
Row: Rsid        rs1983538
Genotype          NaN
Ref                 C
Alt                 T
Name: 282161, dtype: object.
Reason: 'float' object is not iterable
[WARNING] 2019-05-28 19:55:12,073:  Invalid SNP for user 45. Marking invalid.
Row: Rsid        rs8024968
Genotype          NaN
Ref                 C
Alt                 T
Name: 282161, dtype: object.
Reason: 'float' object is not iterable
[WARNING] 2019-05-28 19:55:12,074:  Invalid SNP for user 45. Marking invalid.
Row: Rsid        rs2700367
Genotype          NaN
Ref                 C
Alt                 T
Name: 282161, dtype: object.
Reason: 'float' object is not iterable
[WARNING] 2019-05-28 19:55:12,075:  Invalid SNP for user 45. Marking invalid.
Row: Rsid        rs3935591
Genotype          NaN
Ref                 T
Alt                 C
Name: 282161, dtype: object.
Reason: 'float' object is not iterable
[WARNING] 2019-05-28 19:55:12,075:  Invalid SNP for user 45. Marking invalid.
Row: Rsid        rs30527
Genotype        NaN
Ref               G
Alt               A
Name: 282161, dtype: object.
Reason: 'float' object is not iterable
[WARNING] 2019-05-28 19:55:12,076:  Invalid SNP for user 45. Marking invalid.
Row: Rsid        rs183671
Genotype         NaN
Ref                T
Alt                G
Name: 282161, dtype: object.
Reason: 'float' object is not iterable
[WARNING] 2019-05-28 19:55:12,076:  Invalid SNP for user 45. Marking invalid.
Row: Rsid        rs1047911
Genotype          NaN
Ref                 C
Alt                 A
Name: 282161, dtype: object.
Reason: 'float' object is not iterable
[WARNING] 2019-05-28 19:55:12,077:  Invalid SNP for user 45. Marking invalid.
Row: Rsid        rs11676323
Genotype           NaN
Ref                  T
Alt                  C
Name: 282161, dtype: object.
Reason: 'float' object is not iterable
[WARNING] 2019-05-28 19:55:12,078:  Invalid SNP for user 45. Marking invalid.
Row: Rsid        rs3025994
Genotype          NaN
Ref                 C
Alt                 T
Name: 282161, dtype: object.
Reason: 'float' object is not iterable
[WARNING] 2019-05-28 19:55:12,078:  Invalid SNP for user 45. Marking invalid.
Row: Rsid        rs1064327
Genotype          NaN
Ref                 G
Alt                 A
Name: 282161, dtype: object.
Reason: 'float' object is not iterable
[WARNING] 2019-05-28 19:55:12,079:  Invalid SNP for user 45. Marking invalid.
Row: Rsid        rs16950993
Genotype           NaN
Ref                  A
Alt                  G
Name: 282161, dtype: object.
Reason: 'float' object is not iterable
[WARNING] 2019-05-28 19:55:12,080:  Invalid SNP for user 45. Marking invalid.
Row: Rsid        rs3169425
Genotype          NaN
Ref                 A
Alt                 G
Name: 282161, dtype: object.
Reason: 'float' object is not iterable
[WARNING] 2019-05-28 19:55:12,080:  Invalid SNP for user 45. Marking invalid.
Row: Rsid        rs6497253
Genotype          NaN
Ref                 G
Alt                 A
Name: 282161, dtype: object.
Reason: 'float' object is not iterable
[WARNING] 2019-05-28 19:55:12,081:  Invalid SNP for user 45. Marking invalid.
Row: Rsid        rs9972996
Genotype          NaN
Ref                 A
Alt                 G
Name: 282161, dtype: object.
Reason: 'float' object is not iterable
[WARNING] 2019-05-28 19:55:12,081:  Invalid SNP for user 45. Marking invalid.
Row: Rsid        rs719104
Genotype         NaN
Ref                C
Alt                T
Name: 282161, dtype: object.
Reason: 'float' object is not iterable
[WARNING] 2019-05-28 19:55:12,082:  Invalid SNP for user 45. Marking invalid.
Row: Rsid        rs8039195
Genotype          NaN
Ref                 C
Alt                 T
Name: 282161, dtype: object.
Reason: 'float' object is not iterable
[WARNING] 2019-05-28 19:55:12,083:  Invalid SNP for user 45. Marking invalid.
Row: Rsid        rs6497287
Genotype          NaN
Ref                 T
Alt                 C
Name: 282161, dtype: object.
Reason: 'float' object is not iterable
[WARNING] 2019-05-28 19:55:12,083:  Invalid SNP for user 45. Marking invalid.
Row: Rsid        rs28777
Genotype        NaN
Ref               C
Alt               A
Name: 282161, dtype: object.
Reason: 'float' object is not iterable
[WARNING] 2019-05-28 19:55:12,084:  Invalid SNP for user 45. Marking invalid.
Row: Rsid        rs3784929
Genotype          NaN
Ref                 A
Alt                 G
Name: 282161, dtype: object.
Reason: 'float' object is not iterable
[WARNING] 2019-05-28 19:55:12,085:  Invalid SNP for user 45. Marking invalid.
Row: Rsid        rs16950987
Genotype           NaN
Ref                  G
Alt                  A
Name: 282161, dtype: object.
Reason: 'float' object is not iterable
[WARNING] 2019-05-28 19:55:12,086:  Invalid SNP for user 45. Marking invalid.
Row: Rsid        rs256875
Genotype         NaN
Ref                G
Alt                A
Name: 282161, dtype: object.
Reason: 'float' object is not iterable
[WARNING] 2019-05-28 19:55:12,089:  Invalid SNP for user 45. Marking invalid.
Row: Rsid        rs6746854
Genotype          NaN
Ref                 T
Alt                 C
Name: 282161, dtype: object.
Reason: 'float' object is not iterable
[WARNING] 2019-05-28 19:55:12,093:  Invalid SNP for user 45. Marking invalid.
Row: Rsid        rs12913832
Genotype           NaN
Ref                  A
Alt                  G
Name: 282161, dtype: object.
Reason: 'float' object is not iterable
[WARNING] 2019-05-28 19:55:12,096:  Invalid SNP for user 45. Marking invalid.
Row: Rsid        rs6539209
Genotype          NaN
Ref                 A
Alt                 G
Name: 282161, dtype: object.
Reason: 'float' object is not iterable
[WARNING] 2019-05-28 19:55:12,097:  Invalid SNP for user 45. Marking invalid.
Row: Rsid        rs794736
Genotype         NaN
Ref                G
Alt                A
Name: 282161, dtype: object.
Reason: 'float' object is not iterable
[WARNING] 2019-05-28 19:55:12,098:  Invalid SNP for user 45. Marking invalid.
Row: Rsid        rs1064326
Genotype          NaN
Ref                 G
Alt                 A
Name: 282161, dtype: object.
Reason: 'float' object is not iterable
[WARNING] 2019-05-28 19:55:12,099:  Invalid SNP for user 45. Marking invalid.
Row: Rsid        rs3755447
Genotype          NaN
Ref                 A
Alt                 G
Name: 282161, dtype: object.
Reason: 'float' object is not iterable
[WARNING] 2019-05-28 19:55:12,100:  Invalid SNP for user 45. Marking invalid.
Row: Rsid        rs2240203
Genotype          NaN
Ref                 T
Alt                 C
Name: 282161, dtype: object.
Reason: 'float' object is not iterable
[WARNING] 2019-05-28 19:55:12,102:  Invalid SNP for user 45. Marking invalid.
Row: Rsid        rs7495174
Genotype          NaN
Ref                 A
Alt                 G
Name: 282161, dtype: object.
Reason: 'float' object is not iterable
[WARNING] 2019-05-28 19:55:12,103:  Invalid SNP for user 45. Marking invalid.
Row: Rsid        rs9655
Genotype       NaN
Ref              G
Alt              A
Name: 282161, dtype: object.
Reason: 'float' object is not iterable
[WARNING] 2019-05-28 19:55:12,104:  Invalid SNP for user 45. Marking invalid.
Row: Rsid        rs30509
Genotype        NaN
Ref               A
Alt               C
Name: 282161, dtype: object.
Reason: 'float' object is not iterable
[WARNING] 2019-05-28 19:55:12,108:  Invalid SNP for user 45. Marking invalid.
Row: Rsid        rs2282217
Genotype          NaN
Ref                 C
Alt                 T
Name: 282161, dtype: object.
Reason: 'float' object is not iterable
[WARNING] 2019-05-28 19:55:12,111:  Invalid SNP for user 45. Marking invalid.
Row: Rsid        rs2301984
Genotype          NaN
Ref                 A
Alt                 G
Name: 282161, dtype: object.
Reason: 'float' object is not iterable
[WARNING] 2019-05-28 19:55:12,113:  Invalid SNP for user 45. Marking invalid.
Row: Rsid        rs8028689
Genotype          NaN
Ref                 T
Alt                 C
Name: 282161, dtype: object.
Reason: 'float' object is not iterable
[WARNING] 2019-05-28 19:55:12,114:  Invalid SNP for user 45. Marking invalid.
Row: Rsid        rs7104896
Genotype          NaN
Ref                 G
Alt                 A
Name: 282161, dtype: object.
Reason: 'float' object is not iterable
[WARNING] 2019-05-28 19:55:12,116:  Invalid SNP for user 45. Marking invalid.
Row: Rsid        rs10762340
Genotype           NaN
Ref                  C
Alt                  T
Name: 282161, dtype: object.
Reason: 'float' object is not iterable
[WARNING] 2019-05-28 19:55:12,117:  Invalid SNP for user 45. Marking invalid.
Row: Rsid        rs16891982
Genotype           NaN
Ref                  C
Alt                  G
Name: 282161, dtype: object.
Reason: 'float' object is not iterable
[WARNING] 2019-05-28 19:55:12,118:  Invalid SNP for user 45. Marking invalid.
Row: Rsid        rs11151487
Genotype           NaN
Ref                  C
Alt                  T
Name: 282161, dtype: object.
Reason: 'float' object is not iterable
[WARNING] 2019-05-28 19:55:12,120:  Invalid SNP for user 45. Marking invalid.
Row: Rsid        rs17063789
Genotype           NaN
Ref                  A
Alt                  G
Name: 282161, dtype: object.
Reason: 'float' object is not iterable
[WARNING] 2019-05-28 19:55:12,121:  Invalid SNP for user 45. Marking invalid.
Row: Rsid        rs1597196
Genotype          NaN
Ref                 G
Alt                 T
Name: 282161, dtype: object.
Reason: 'float' object is not iterable
[WARNING] 2019-05-28 19:55:12,122:  Invalid SNP for user 45. Marking invalid.
Row: Rsid        rs9309483
Genotype          NaN
Ref                 T
Alt                 C
Name: 282161, dtype: object.
Reason: 'float' object is not iterable
[WARNING] 2019-05-28 19:55:12,128:  Invalid SNP for user 45. Marking invalid.
Row: Rsid        rs35407
Genotype        NaN
Ref               A
Alt               G
Name: 282161, dtype: object.
Reason: 'float' object is not iterable
[WARNING] 2019-05-28 19:55:12,129:  Invalid SNP for user 45. Marking invalid.
Row: Rsid        rs6773715
Genotype          NaN
Ref                 A
Alt                 G
Name: 282161, dtype: object.
Reason: 'float' object is not iterable
[WARNING] 2019-05-28 19:55:12,131:  Invalid SNP for user 45. Marking invalid.
Row: Rsid        rs8029144
Genotype          NaN
Ref                 G
Alt                 A
Name: 282161, dtype: object.
Reason: 'float' object is not iterable
[WARNING] 2019-05-28 19:55:12,132:  Invalid SNP for user 45. Marking invalid.
Row: Rsid        rs2227294
Genotype          NaN
Ref                 T
Alt                 G
Name: 282161, dtype: object.
Reason: 'float' object is not iterable
[WARNING] 2019-05-28 19:55:12,133:  Invalid SNP for user 45. Marking invalid.
Row: Rsid        rs4778241
Genotype          NaN
Ref                 A
Alt                 C
Name: 282161, dtype: object.
Reason: 'float' object is not iterable
[WARNING] 2019-05-28 19:55:12,134:  Invalid SNP for user 45. Marking invalid.
Row: Rsid        rs3816845
Genotype          NaN
Ref                 T
Alt                 C
Name: 282161, dtype: object.
Reason: 'float' object is not iterable
[WARNING] 2019-05-28 19:55:12,135:  Invalid SNP for user 45. Marking invalid.
Row: Rsid        rs1000079
Genotype          NaN
Ref                 C
Alt                 T
Name: 282161, dtype: object.
Reason: 'float' object is not iterable
[WARNING] 2019-05-28 19:55:12,136:  Invalid SNP for user 45. Marking invalid.
Row: Rsid        rs7170869
Genotype          NaN
Ref                 A
Alt                 G
Name: 282161, dtype: object.
Reason: 'float' object is not iterable
[WARNING] 2019-05-28 19:55:12,139:  Invalid SNP for user 45. Marking invalid.
Row: Rsid        rs2072986
Genotype          NaN
Ref                 T
Alt                 C
Name: 282161, dtype: object.
Reason: 'float' object is not iterable
[WARNING] 2019-05-28 19:55:12,144:  Invalid SNP for user 45. Marking invalid.
Row: Rsid        rs12593929
Genotype           NaN
Ref                  G
Alt                  A
Name: 282161, dtype: object.
Reason: 'float' object is not iterable
[WARNING] 2019-05-28 19:55:12,146:  Invalid SNP for user 45. Marking invalid.
Row: Rsid        rs7177686
Genotype          NaN
Ref                 G
Alt                 A
Name: 282161, dtype: object.
Reason: 'float' object is not iterable
[WARNING] 2019-05-28 19:55:12,147:  Invalid SNP for user 45. Marking invalid.
Row: Rsid        rs7896692
Genotype          NaN
Ref                 G
Alt                 A
Name: 282161, dtype: object.
Reason: 'float' object is not iterable
[WARNING] 2019-05-28 19:55:12,148:  Invalid SNP for user 45. Marking invalid.
Row: Rsid        rs13160587
Genotype           NaN
Ref                  C
Alt                  T
Name: 282161, dtype: object.
Reason: 'float' object is not iterable
[WARNING] 2019-05-28 19:55:12,150:  Invalid SNP for user 45. Marking invalid.
Row: Rsid        rs16950821
Genotype           NaN
Ref                  G
Alt                  A
Name: 282161, dtype: object.
Reason: 'float' object is not iterable
[WARNING] 2019-05-28 19:55:12,154:  Invalid SNP for user 45. Marking invalid.
Row: Rsid        rs30534
Genotype        NaN
Ref               T
Alt               C
Name: 282161, dtype: object.
Reason: 'float' object is not iterable
[WARNING] 2019-05-28 19:55:12,156:  Invalid SNP for user 45. Marking invalid.
Row: Rsid        rs2144440
Genotype          NaN
Ref                 A
Alt                 G
Name: 282161, dtype: object.
Reason: 'float' object is not iterable
[WARNING] 2019-05-28 19:55:12,157:  Invalid SNP for user 45. Marking invalid.
Row: Rsid        rs7021817
Genotype          NaN
Ref                 A
Alt                 G
Name: 282161, dtype: object.
Reason: 'float' object is not iterable
[WARNING] 2019-05-28 19:55:12,162:  Invalid SNP for user 45. Marking invalid.
Row: Rsid        rs2268417
Genotype          NaN
Ref                 C
Alt                 T
Name: 282161, dtype: object.
Reason: 'float' object is not iterable
[WARNING] 2019-05-28 19:55:12,165:  Invalid SNP for user 45. Marking invalid.
Row: Rsid        rs7648640
Genotype          NaN
Ref                 C
Alt                 T
Name: 282161, dtype: object.
Reason: 'float' object is not iterable
[INFO] 2019-05-28 19:55:12,385:  Finished calculating mutations for user 45 (4/23) in 0 seconds
[INFO] 2019-05-28 19:55:12,386:  Started prediction mutations for user 45 (4/23)...
[INFO] 2019-05-28 19:55:13,142:  Finished prediction mutations for user 45 (4/23) in 0 seconds
[INFO] 2019-05-28 19:55:13,143:  Started calculating mutations for user 276 (5/23)...
[INFO] 2019-05-28 19:55:15,972:  Finished calculating mutations for user 276 (5/23) in 2 seconds
[INFO] 2019-05-28 19:55:15,978:  Started prediction mutations for user 276 (5/23)...
[INFO] 2019-05-28 19:55:16,547:  Finished prediction mutations for user 276 (5/23) in 0 seconds
[INFO] 2019-05-28 19:55:16,547:  Started calculating mutations for user 44 (6/23)...
[INFO] 2019-05-28 19:55:19,934:  Finished calculating mutations for user 44 (6/23) in 3 seconds
[INFO] 2019-05-28 19:55:19,934:  Started prediction mutations for user 44 (6/23)...
[INFO] 2019-05-28 19:55:20,477:  Finished prediction mutations for user 44 (6/23) in 0 seconds
[INFO] 2019-05-28 19:55:20,477:  Started calculating mutations for user 258 (7/23)...
[INFO] 2019-05-28 19:55:23,624:  Finished calculating mutations for user 258 (7/23) in 3 seconds
[INFO] 2019-05-28 19:55:23,624:  Started prediction mutations for user 258 (7/23)...
[INFO] 2019-05-28 19:55:24,224:  Finished prediction mutations for user 258 (7/23) in 0 seconds
[INFO] 2019-05-28 19:55:24,224:  Started calculating mutations for user 268 (8/23)...
[INFO] 2019-05-28 19:55:27,496:  Finished calculating mutations for user 268 (8/23) in 3 seconds
[INFO] 2019-05-28 19:55:27,496:  Started prediction mutations for user 268 (8/23)...
[INFO] 2019-05-28 19:55:27,975:  Finished prediction mutations for user 268 (8/23) in 0 seconds
[INFO] 2019-05-28 19:55:27,975:  Started calculating mutations for user 189 (9/23)...
[INFO] 2019-05-28 19:55:30,837:  Finished calculating mutations for user 189 (9/23) in 2 seconds
[INFO] 2019-05-28 19:55:30,837:  Started prediction mutations for user 189 (9/23)...
[INFO] 2019-05-28 19:55:31,349:  Finished prediction mutations for user 189 (9/23) in 0 seconds
[INFO] 2019-05-28 19:55:31,350:  Started calculating mutations for user 357 (10/23)...
[INFO] 2019-05-28 19:55:34,432:  Finished calculating mutations for user 357 (10/23) in 3 seconds
[INFO] 2019-05-28 19:55:34,438:  Started prediction mutations for user 357 (10/23)...
[INFO] 2019-05-28 19:55:35,014:  Finished prediction mutations for user 357 (10/23) in 0 seconds
[INFO] 2019-05-28 19:55:35,015:  Started calculating mutations for user 279 (11/23)...
[INFO] 2019-05-28 19:55:38,110:  Finished calculating mutations for user 279 (11/23) in 3 seconds
[INFO] 2019-05-28 19:55:38,110:  Started prediction mutations for user 279 (11/23)...
[INFO] 2019-05-28 19:55:38,625:  Finished prediction mutations for user 279 (11/23) in 0 seconds
[INFO] 2019-05-28 19:55:38,626:  Started calculating mutations for user 311 (12/23)...
[INFO] 2019-05-28 19:55:41,703:  Finished calculating mutations for user 311 (12/23) in 3 seconds
[INFO] 2019-05-28 19:55:41,704:  Started prediction mutations for user 311 (12/23)...
[INFO] 2019-05-28 19:55:42,210:  Finished prediction mutations for user 311 (12/23) in 0 seconds
[INFO] 2019-05-28 19:55:42,210:  Started calculating mutations for user 241 (13/23)...
[INFO] 2019-05-28 19:55:45,331:  Finished calculating mutations for user 241 (13/23) in 3 seconds
[INFO] 2019-05-28 19:55:45,331:  Started prediction mutations for user 241 (13/23)...
[INFO] 2019-05-28 19:55:45,918:  Finished prediction mutations for user 241 (13/23) in 0 seconds
[INFO] 2019-05-28 19:55:45,918:  Started calculating mutations for user 1892 (14/23)...
[INFO] 2019-05-28 19:55:49,181:  Finished calculating mutations for user 1892 (14/23) in 3 seconds
[INFO] 2019-05-28 19:55:49,182:  Started prediction mutations for user 1892 (14/23)...
[INFO] 2019-05-28 19:55:49,764:  Finished prediction mutations for user 1892 (14/23) in 0 seconds
[INFO] 2019-05-28 19:55:49,764:  Started calculating mutations for user 53 (15/23)...
[INFO] 2019-05-28 19:55:52,909:  Finished calculating mutations for user 53 (15/23) in 3 seconds
[INFO] 2019-05-28 19:55:52,910:  Started prediction mutations for user 53 (15/23)...
[INFO] 2019-05-28 19:55:53,467:  Finished prediction mutations for user 53 (15/23) in 0 seconds
[INFO] 2019-05-28 19:55:53,468:  Started calculating mutations for user 287 (16/23)...
[INFO] 2019-05-28 19:55:56,726:  Finished calculating mutations for user 287 (16/23) in 3 seconds
[INFO] 2019-05-28 19:55:56,726:  Started prediction mutations for user 287 (16/23)...
[INFO] 2019-05-28 19:55:57,273:  Finished prediction mutations for user 287 (16/23) in 0 seconds
[INFO] 2019-05-28 19:55:57,273:  Started calculating mutations for user 322 (17/23)...
[INFO] 2019-05-28 19:56:00,416:  Finished calculating mutations for user 322 (17/23) in 3 seconds
[INFO] 2019-05-28 19:56:00,417:  Started prediction mutations for user 322 (17/23)...
[INFO] 2019-05-28 19:56:00,997:  Finished prediction mutations for user 322 (17/23) in 0 seconds
[INFO] 2019-05-28 19:56:00,998:  Started calculating mutations for user 325 (18/23)...
[INFO] 2019-05-28 19:56:04,157:  Finished calculating mutations for user 325 (18/23) in 3 seconds
[INFO] 2019-05-28 19:56:04,157:  Started prediction mutations for user 325 (18/23)...
[INFO] 2019-05-28 19:56:04,743:  Finished prediction mutations for user 325 (18/23) in 0 seconds
[INFO] 2019-05-28 19:56:04,743:  Started calculating mutations for user 200 (19/23)...
[INFO] 2019-05-28 19:56:07,956:  Finished calculating mutations for user 200 (19/23) in 3 seconds
[INFO] 2019-05-28 19:56:07,957:  Started prediction mutations for user 200 (19/23)...
[INFO] 2019-05-28 19:56:08,449:  Finished prediction mutations for user 200 (19/23) in 0 seconds
[INFO] 2019-05-28 19:56:08,449:  Started calculating mutations for user 262 (20/23)...
[WARNING] 2019-05-28 19:56:09,866:  Invalid SNP for user 262. Marking invalid.
Row: Rsid        rs3935591
Genotype          NaN
Ref                 T
Alt                 C
Name: 578319, dtype: object.
Reason: 'float' object is not iterable
[WARNING] 2019-05-28 19:56:09,868:  Invalid SNP for user 262. Marking invalid.
Row: Rsid        rs146
Genotype      NaN
Ref             A
Alt             G
Name: 578319, dtype: object.
Reason: 'float' object is not iterable
[WARNING] 2019-05-28 19:56:09,872:  Invalid SNP for user 262. Marking invalid.
Row: Rsid        rs30527
Genotype        NaN
Ref               G
Alt               A
Name: 578319, dtype: object.
Reason: 'float' object is not iterable
[WARNING] 2019-05-28 19:56:09,873:  Invalid SNP for user 262. Marking invalid.
Row: Rsid        rs183671
Genotype         NaN
Ref                T
Alt                G
Name: 578319, dtype: object.
Reason: 'float' object is not iterable
[WARNING] 2019-05-28 19:56:09,874:  Invalid SNP for user 262. Marking invalid.
Row: Rsid        rs11676323
Genotype           NaN
Ref                  T
Alt                  C
Name: 578319, dtype: object.
Reason: 'float' object is not iterable
[WARNING] 2019-05-28 19:56:09,874:  Invalid SNP for user 262. Marking invalid.
Row: Rsid        rs2021725
Genotype          NaN
Ref                 A
Alt                 G
Name: 578319, dtype: object.
Reason: 'float' object is not iterable
[WARNING] 2019-05-28 19:56:09,877:  Invalid SNP for user 262. Marking invalid.
Row: Rsid        rs3025994
Genotype          NaN
Ref                 C
Alt                 T
Name: 578319, dtype: object.
Reason: 'float' object is not iterable
[WARNING] 2019-05-28 19:56:09,881:  Invalid SNP for user 262. Marking invalid.
Row: Rsid        rs1064327
Genotype          NaN
Ref                 G
Alt                 A
Name: 578319, dtype: object.
Reason: 'float' object is not iterable
[WARNING] 2019-05-28 19:56:09,883:  Invalid SNP for user 262. Marking invalid.
Row: Rsid        rs16950993
Genotype           NaN
Ref                  A
Alt                  G
Name: 578319, dtype: object.
Reason: 'float' object is not iterable
[WARNING] 2019-05-28 19:56:09,886:  Invalid SNP for user 262. Marking invalid.
Row: Rsid        rs9385485
Genotype          NaN
Ref                 G
Alt                 A
Name: 578319, dtype: object.
Reason: 'float' object is not iterable
[WARNING] 2019-05-28 19:56:09,888:  Invalid SNP for user 262. Marking invalid.
Row: Rsid        rs921221
Genotype         NaN
Ref                T
Alt                C
Name: 578319, dtype: object.
Reason: 'float' object is not iterable
[WARNING] 2019-05-28 19:56:09,890:  Invalid SNP for user 262. Marking invalid.
Row: Rsid        rs3169425
Genotype          NaN
Ref                 A
Alt                 G
Name: 578319, dtype: object.
Reason: 'float' object is not iterable
[WARNING] 2019-05-28 19:56:09,893:  Invalid SNP for user 262. Marking invalid.
Row: Rsid        rs11067762
Genotype           NaN
Ref                  G
Alt                  A
Name: 578319, dtype: object.
Reason: 'float' object is not iterable
[WARNING] 2019-05-28 19:56:09,895:  Invalid SNP for user 262. Marking invalid.
Row: Rsid        rs12043145
Genotype           NaN
Ref                  A
Alt                  G
Name: 578319, dtype: object.
Reason: 'float' object is not iterable
[WARNING] 2019-05-28 19:56:09,898:  Invalid SNP for user 262. Marking invalid.
Row: Rsid        rs719104
Genotype         NaN
Ref                C
Alt                T
Name: 578319, dtype: object.
Reason: 'float' object is not iterable
[WARNING] 2019-05-28 19:56:09,900:  Invalid SNP for user 262. Marking invalid.
Row: Rsid        rs931963
Genotype         NaN
Ref                C
Alt                T
Name: 578319, dtype: object.
Reason: 'float' object is not iterable
[WARNING] 2019-05-28 19:56:09,901:  Invalid SNP for user 262. Marking invalid.
Row: Rsid        rs6497287
Genotype          NaN
Ref                 T
Alt                 C
Name: 578319, dtype: object.
Reason: 'float' object is not iterable
[WARNING] 2019-05-28 19:56:09,902:  Invalid SNP for user 262. Marking invalid.
Row: Rsid        rs256875
Genotype         NaN
Ref                G
Alt                A
Name: 578319, dtype: object.
Reason: 'float' object is not iterable
[WARNING] 2019-05-28 19:56:09,904:  Invalid SNP for user 262. Marking invalid.
Row: Rsid        rs6746854
Genotype          NaN
Ref                 T
Alt                 C
Name: 578319, dtype: object.
Reason: 'float' object is not iterable
[WARNING] 2019-05-28 19:56:09,905:  Invalid SNP for user 262. Marking invalid.
Row: Rsid        rs6539209
Genotype          NaN
Ref                 A
Alt                 G
Name: 578319, dtype: object.
Reason: 'float' object is not iterable
[WARNING] 2019-05-28 19:56:09,907:  Invalid SNP for user 262. Marking invalid.
Row: Rsid        rs794736
Genotype         NaN
Ref                G
Alt                A
Name: 578319, dtype: object.
Reason: 'float' object is not iterable
[WARNING] 2019-05-28 19:56:09,912:  Invalid SNP for user 262. Marking invalid.
Row: Rsid        rs9360837
Genotype          NaN
Ref                 G
Alt                 A
Name: 578319, dtype: object.
Reason: 'float' object is not iterable
[WARNING] 2019-05-28 19:56:09,914:  Invalid SNP for user 262. Marking invalid.
Row: Rsid        rs1064326
Genotype          NaN
Ref                 G
Alt                 A
Name: 578319, dtype: object.
Reason: 'float' object is not iterable
[WARNING] 2019-05-28 19:56:09,916:  Invalid SNP for user 262. Marking invalid.
Row: Rsid        rs3755447
Genotype          NaN
Ref                 A
Alt                 G
Name: 578319, dtype: object.
Reason: 'float' object is not iterable
[WARNING] 2019-05-28 19:56:09,917:  Invalid SNP for user 262. Marking invalid.
Row: Rsid        rs2240203
Genotype          NaN
Ref                 T
Alt                 C
Name: 578319, dtype: object.
Reason: 'float' object is not iterable
[WARNING] 2019-05-28 19:56:09,919:  Invalid SNP for user 262. Marking invalid.
Row: Rsid        rs30509
Genotype        NaN
Ref               A
Alt               C
Name: 578319, dtype: object.
Reason: 'float' object is not iterable
[WARNING] 2019-05-28 19:56:09,925:  Invalid SNP for user 262. Marking invalid.
Row: Rsid        rs2301984
Genotype          NaN
Ref                 A
Alt                 G
Name: 578319, dtype: object.
Reason: 'float' object is not iterable
[WARNING] 2019-05-28 19:56:09,927:  Invalid SNP for user 262. Marking invalid.
Row: Rsid        rs9834064
Genotype          NaN
Ref                 A
Alt                 G
Name: 578319, dtype: object.
Reason: 'float' object is not iterable
[WARNING] 2019-05-28 19:56:09,931:  Invalid SNP for user 262. Marking invalid.
Row: Rsid        rs7104896
Genotype          NaN
Ref                 G
Alt                 A
Name: 578319, dtype: object.
Reason: 'float' object is not iterable
[WARNING] 2019-05-28 19:56:09,932:  Invalid SNP for user 262. Marking invalid.
Row: Rsid        rs10762340
Genotype           NaN
Ref                  C
Alt                  T
Name: 578319, dtype: object.
Reason: 'float' object is not iterable
[WARNING] 2019-05-28 19:56:09,936:  Invalid SNP for user 262. Marking invalid.
Row: Rsid        rs1375164
Genotype          NaN
Ref                 C
Alt                 T
Name: 578319, dtype: object.
Reason: 'float' object is not iterable
[WARNING] 2019-05-28 19:56:09,937:  Invalid SNP for user 262. Marking invalid.
Row: Rsid        rs17063789
Genotype           NaN
Ref                  A
Alt                  G
Name: 578319, dtype: object.
Reason: 'float' object is not iterable
[WARNING] 2019-05-28 19:56:09,938:  Invalid SNP for user 262. Marking invalid.
Row: Rsid        rs9309483
Genotype          NaN
Ref                 T
Alt                 C
Name: 578319, dtype: object.
Reason: 'float' object is not iterable
[WARNING] 2019-05-28 19:56:09,939:  Invalid SNP for user 262. Marking invalid.
Row: Rsid        rs35407
Genotype        NaN
Ref               A
Alt               G
Name: 578319, dtype: object.
Reason: 'float' object is not iterable
[WARNING] 2019-05-28 19:56:09,943:  Invalid SNP for user 262. Marking invalid.
Row: Rsid        rs6773715
Genotype          NaN
Ref                 A
Alt                 G
Name: 578319, dtype: object.
Reason: 'float' object is not iterable
[WARNING] 2019-05-28 19:56:09,947:  Invalid SNP for user 262. Marking invalid.
Row: Rsid        rs7179419
Genotype          NaN
Ref                 T
Alt                 C
Name: 578319, dtype: object.
Reason: 'float' object is not iterable
[WARNING] 2019-05-28 19:56:09,948:  Invalid SNP for user 262. Marking invalid.
Row: Rsid        rs3792558
Genotype          NaN
Ref                 C
Alt                 T
Name: 578319, dtype: object.
Reason: 'float' object is not iterable
[WARNING] 2019-05-28 19:56:09,950:  Invalid SNP for user 262. Marking invalid.
Row: Rsid        rs2227294
Genotype          NaN
Ref                 T
Alt                 G
Name: 578319, dtype: object.
Reason: 'float' object is not iterable
[WARNING] 2019-05-28 19:56:09,951:  Invalid SNP for user 262. Marking invalid.
Row: Rsid        rs3816845
Genotype          NaN
Ref                 T
Alt                 C
Name: 578319, dtype: object.
Reason: 'float' object is not iterable
[WARNING] 2019-05-28 19:56:09,955:  Invalid SNP for user 262. Marking invalid.
Row: Rsid        rs12593929
Genotype           NaN
Ref                  G
Alt                  A
Name: 578319, dtype: object.
Reason: 'float' object is not iterable
[WARNING] 2019-05-28 19:56:09,957:  Invalid SNP for user 262. Marking invalid.
Row: Rsid        rs7177686
Genotype          NaN
Ref                 G
Alt                 A
Name: 578319, dtype: object.
Reason: 'float' object is not iterable
[WARNING] 2019-05-28 19:56:09,959:  Invalid SNP for user 262. Marking invalid.
Row: Rsid        rs7896692
Genotype          NaN
Ref                 G
Alt                 A
Name: 578319, dtype: object.
Reason: 'float' object is not iterable
[WARNING] 2019-05-28 19:56:09,959:  Invalid SNP for user 262. Marking invalid.
Row: Rsid        rs13160587
Genotype           NaN
Ref                  C
Alt                  T
Name: 578319, dtype: object.
Reason: 'float' object is not iterable
[WARNING] 2019-05-28 19:56:09,960:  Invalid SNP for user 262. Marking invalid.
Row: Rsid        rs30534
Genotype        NaN
Ref               T
Alt               C
Name: 578319, dtype: object.
Reason: 'float' object is not iterable
[WARNING] 2019-05-28 19:56:09,961:  Invalid SNP for user 262. Marking invalid.
Row: Rsid        rs2144440
Genotype          NaN
Ref                 A
Alt                 G
Name: 578319, dtype: object.
Reason: 'float' object is not iterable
[WARNING] 2019-05-28 19:56:09,964:  Invalid SNP for user 262. Marking invalid.
Row: Rsid        rs2268417
Genotype          NaN
Ref                 C
Alt                 T
Name: 578319, dtype: object.
Reason: 'float' object is not iterable
[WARNING] 2019-05-28 19:56:09,968:  Invalid SNP for user 262. Marking invalid.
Row: Rsid        rs7648640
Genotype          NaN
Ref                 C
Alt                 T
Name: 578319, dtype: object.
Reason: 'float' object is not iterable
[INFO] 2019-05-28 19:56:10,117:  Finished calculating mutations for user 262 (20/23) in 1 seconds
[INFO] 2019-05-28 19:56:10,117:  Started prediction mutations for user 262 (20/23)...
[INFO] 2019-05-28 19:56:10,690:  Finished prediction mutations for user 262 (20/23) in 0 seconds
[INFO] 2019-05-28 19:56:10,691:  Started calculating mutations for user 323 (21/23)...
[INFO] 2019-05-28 19:56:13,879:  Finished calculating mutations for user 323 (21/23) in 3 seconds
[INFO] 2019-05-28 19:56:13,879:  Started prediction mutations for user 323 (21/23)...
[INFO] 2019-05-28 19:56:14,375:  Finished prediction mutations for user 323 (21/23) in 0 seconds
[INFO] 2019-05-28 19:56:14,377:  Started calculating mutations for user 2064 (22/23)...
[WARNING] 2019-05-28 19:56:15,656:  Invalid SNP for user 2064. Marking invalid.
Row: Rsid        rs3935591
Genotype          NaN
Ref                 T
Alt                 C
Name: 602350, dtype: object.
Reason: 'float' object is not iterable
[WARNING] 2019-05-28 19:56:15,657:  Invalid SNP for user 2064. Marking invalid.
Row: Rsid        rs146
Genotype      NaN
Ref             A
Alt             G
Name: 602350, dtype: object.
Reason: 'float' object is not iterable
[WARNING] 2019-05-28 19:56:15,661:  Invalid SNP for user 2064. Marking invalid.
Row: Rsid        rs30527
Genotype        NaN
Ref               G
Alt               A
Name: 602350, dtype: object.
Reason: 'float' object is not iterable
[WARNING] 2019-05-28 19:56:15,663:  Invalid SNP for user 2064. Marking invalid.
Row: Rsid        rs183671
Genotype         NaN
Ref                T
Alt                G
Name: 602350, dtype: object.
Reason: 'float' object is not iterable
[WARNING] 2019-05-28 19:56:15,663:  Invalid SNP for user 2064. Marking invalid.
Row: Rsid        rs11676323
Genotype           NaN
Ref                  T
Alt                  C
Name: 602350, dtype: object.
Reason: 'float' object is not iterable
[WARNING] 2019-05-28 19:56:15,664:  Invalid SNP for user 2064. Marking invalid.
Row: Rsid        rs2021725
Genotype          NaN
Ref                 A
Alt                 G
Name: 602350, dtype: object.
Reason: 'float' object is not iterable
[WARNING] 2019-05-28 19:56:15,665:  Invalid SNP for user 2064. Marking invalid.
Row: Rsid        rs3025994
Genotype          NaN
Ref                 C
Alt                 T
Name: 602350, dtype: object.
Reason: 'float' object is not iterable
[WARNING] 2019-05-28 19:56:15,667:  Invalid SNP for user 2064. Marking invalid.
Row: Rsid        rs1064327
Genotype          NaN
Ref                 G
Alt                 A
Name: 602350, dtype: object.
Reason: 'float' object is not iterable
[WARNING] 2019-05-28 19:56:15,669:  Invalid SNP for user 2064. Marking invalid.
Row: Rsid        rs16950993
Genotype           NaN
Ref                  A
Alt                  G
Name: 602350, dtype: object.
Reason: 'float' object is not iterable
[WARNING] 2019-05-28 19:56:15,671:  Invalid SNP for user 2064. Marking invalid.
Row: Rsid        rs9385485
Genotype          NaN
Ref                 G
Alt                 A
Name: 602350, dtype: object.
Reason: 'float' object is not iterable
[WARNING] 2019-05-28 19:56:15,676:  Invalid SNP for user 2064. Marking invalid.
Row: Rsid        rs921221
Genotype         NaN
Ref                T
Alt                C
Name: 602350, dtype: object.
Reason: 'float' object is not iterable
[WARNING] 2019-05-28 19:56:15,677:  Invalid SNP for user 2064. Marking invalid.
Row: Rsid        rs3169425
Genotype          NaN
Ref                 A
Alt                 G
Name: 602350, dtype: object.
Reason: 'float' object is not iterable
[WARNING] 2019-05-28 19:56:15,681:  Invalid SNP for user 2064. Marking invalid.
Row: Rsid        rs11067762
Genotype           NaN
Ref                  G
Alt                  A
Name: 602350, dtype: object.
Reason: 'float' object is not iterable
[WARNING] 2019-05-28 19:56:15,683:  Invalid SNP for user 2064. Marking invalid.
Row: Rsid        rs12043145
Genotype           NaN
Ref                  A
Alt                  G
Name: 602350, dtype: object.
Reason: 'float' object is not iterable
[WARNING] 2019-05-28 19:56:15,683:  Invalid SNP for user 2064. Marking invalid.
Row: Rsid        rs719104
Genotype         NaN
Ref                C
Alt                T
Name: 602350, dtype: object.
Reason: 'float' object is not iterable
[WARNING] 2019-05-28 19:56:15,684:  Invalid SNP for user 2064. Marking invalid.
Row: Rsid        rs931963
Genotype         NaN
Ref                C
Alt                T
Name: 602350, dtype: object.
Reason: 'float' object is not iterable
[WARNING] 2019-05-28 19:56:15,685:  Invalid SNP for user 2064. Marking invalid.
Row: Rsid        rs6497287
Genotype          NaN
Ref                 T
Alt                 C
Name: 602350, dtype: object.
Reason: 'float' object is not iterable
[WARNING] 2019-05-28 19:56:15,686:  Invalid SNP for user 2064. Marking invalid.
Row: Rsid        rs1412512
Genotype          NaN
Ref                 T
Alt                 C
Name: 602350, dtype: object.
Reason: 'float' object is not iterable
[WARNING] 2019-05-28 19:56:15,687:  Invalid SNP for user 2064. Marking invalid.
Row: Rsid        rs256875
Genotype         NaN
Ref                G
Alt                A
Name: 602350, dtype: object.
Reason: 'float' object is not iterable
[WARNING] 2019-05-28 19:56:15,689:  Invalid SNP for user 2064. Marking invalid.
Row: Rsid        rs6746854
Genotype          NaN
Ref                 T
Alt                 C
Name: 602350, dtype: object.
Reason: 'float' object is not iterable
[WARNING] 2019-05-28 19:56:15,693:  Invalid SNP for user 2064. Marking invalid.
Row: Rsid        rs6539209
Genotype          NaN
Ref                 A
Alt                 G
Name: 602350, dtype: object.
Reason: 'float' object is not iterable
[WARNING] 2019-05-28 19:56:15,694:  Invalid SNP for user 2064. Marking invalid.
Row: Rsid        rs794736
Genotype         NaN
Ref                G
Alt                A
Name: 602350, dtype: object.
Reason: 'float' object is not iterable
[WARNING] 2019-05-28 19:56:15,695:  Invalid SNP for user 2064. Marking invalid.
Row: Rsid        rs9360837
Genotype          NaN
Ref                 G
Alt                 A
Name: 602350, dtype: object.
Reason: 'float' object is not iterable
[WARNING] 2019-05-28 19:56:15,696:  Invalid SNP for user 2064. Marking invalid.
Row: Rsid        rs1064326
Genotype          NaN
Ref                 G
Alt                 A
Name: 602350, dtype: object.
Reason: 'float' object is not iterable
[WARNING] 2019-05-28 19:56:15,697:  Invalid SNP for user 2064. Marking invalid.
Row: Rsid        rs3755447
Genotype          NaN
Ref                 A
Alt                 G
Name: 602350, dtype: object.
Reason: 'float' object is not iterable
[WARNING] 2019-05-28 19:56:15,701:  Invalid SNP for user 2064. Marking invalid.
Row: Rsid        rs2240203
Genotype          NaN
Ref                 T
Alt                 C
Name: 602350, dtype: object.
Reason: 'float' object is not iterable
[WARNING] 2019-05-28 19:56:15,703:  Invalid SNP for user 2064. Marking invalid.
Row: Rsid        rs30509
Genotype        NaN
Ref               A
Alt               C
Name: 602350, dtype: object.
Reason: 'float' object is not iterable
[WARNING] 2019-05-28 19:56:15,704:  Invalid SNP for user 2064. Marking invalid.
Row: Rsid        rs2282217
Genotype          NaN
Ref                 C
Alt                 T
Name: 602350, dtype: object.
Reason: 'float' object is not iterable
[WARNING] 2019-05-28 19:56:15,705:  Invalid SNP for user 2064. Marking invalid.
Row: Rsid        rs2301984
Genotype          NaN
Ref                 A
Alt                 G
Name: 602350, dtype: object.
Reason: 'float' object is not iterable
[WARNING] 2019-05-28 19:56:15,705:  Invalid SNP for user 2064. Marking invalid.
Row: Rsid        rs8028689
Genotype          NaN
Ref                 T
Alt                 C
Name: 602350, dtype: object.
Reason: 'float' object is not iterable
[WARNING] 2019-05-28 19:56:15,706:  Invalid SNP for user 2064. Marking invalid.
Row: Rsid        rs9834064
Genotype          NaN
Ref                 A
Alt                 G
Name: 602350, dtype: object.
Reason: 'float' object is not iterable
[WARNING] 2019-05-28 19:56:15,707:  Invalid SNP for user 2064. Marking invalid.
Row: Rsid        rs7104896
Genotype          NaN
Ref                 G
Alt                 A
Name: 602350, dtype: object.
Reason: 'float' object is not iterable
[WARNING] 2019-05-28 19:56:15,708:  Invalid SNP for user 2064. Marking invalid.
Row: Rsid        rs10762340
Genotype           NaN
Ref                  C
Alt                  T
Name: 602350, dtype: object.
Reason: 'float' object is not iterable
[WARNING] 2019-05-28 19:56:15,708:  Invalid SNP for user 2064. Marking invalid.
Row: Rsid        rs17063789
Genotype           NaN
Ref                  A
Alt                  G
Name: 602350, dtype: object.
Reason: 'float' object is not iterable
[WARNING] 2019-05-28 19:56:15,712:  Invalid SNP for user 2064. Marking invalid.
Row: Rsid        rs9309483
Genotype          NaN
Ref                 T
Alt                 C
Name: 602350, dtype: object.
Reason: 'float' object is not iterable
[WARNING] 2019-05-28 19:56:15,715:  Invalid SNP for user 2064. Marking invalid.
Row: Rsid        rs35407
Genotype        NaN
Ref               A
Alt               G
Name: 602350, dtype: object.
Reason: 'float' object is not iterable
[WARNING] 2019-05-28 19:56:15,716:  Invalid SNP for user 2064. Marking invalid.
Row: Rsid        rs6773715
Genotype          NaN
Ref                 A
Alt                 G
Name: 602350, dtype: object.
Reason: 'float' object is not iterable
[WARNING] 2019-05-28 19:56:15,720:  Invalid SNP for user 2064. Marking invalid.
Row: Rsid        rs7179419
Genotype          NaN
Ref                 T
Alt                 C
Name: 602350, dtype: object.
Reason: 'float' object is not iterable
[WARNING] 2019-05-28 19:56:15,723:  Invalid SNP for user 2064. Marking invalid.
Row: Rsid        rs3792558
Genotype          NaN
Ref                 C
Alt                 T
Name: 602350, dtype: object.
Reason: 'float' object is not iterable
[WARNING] 2019-05-28 19:56:15,724:  Invalid SNP for user 2064. Marking invalid.
Row: Rsid        rs2227294
Genotype          NaN
Ref                 T
Alt                 G
Name: 602350, dtype: object.
Reason: 'float' object is not iterable
[WARNING] 2019-05-28 19:56:15,725:  Invalid SNP for user 2064. Marking invalid.
Row: Rsid        rs3816845
Genotype          NaN
Ref                 T
Alt                 C
Name: 602350, dtype: object.
Reason: 'float' object is not iterable
[WARNING] 2019-05-28 19:56:15,726:  Invalid SNP for user 2064. Marking invalid.
Row: Rsid        rs12593929
Genotype           NaN
Ref                  G
Alt                  A
Name: 602350, dtype: object.
Reason: 'float' object is not iterable
[WARNING] 2019-05-28 19:56:15,727:  Invalid SNP for user 2064. Marking invalid.
Row: Rsid        rs7177686
Genotype          NaN
Ref                 G
Alt                 A
Name: 602350, dtype: object.
Reason: 'float' object is not iterable
[WARNING] 2019-05-28 19:56:15,731:  Invalid SNP for user 2064. Marking invalid.
Row: Rsid        rs7896692
Genotype          NaN
Ref                 G
Alt                 A
Name: 602350, dtype: object.
Reason: 'float' object is not iterable
[WARNING] 2019-05-28 19:56:15,734:  Invalid SNP for user 2064. Marking invalid.
Row: Rsid        rs13160587
Genotype           NaN
Ref                  C
Alt                  T
Name: 602350, dtype: object.
Reason: 'float' object is not iterable
[WARNING] 2019-05-28 19:56:15,735:  Invalid SNP for user 2064. Marking invalid.
Row: Rsid        rs30534
Genotype        NaN
Ref               T
Alt               C
Name: 602350, dtype: object.
Reason: 'float' object is not iterable
[WARNING] 2019-05-28 19:56:15,736:  Invalid SNP for user 2064. Marking invalid.
Row: Rsid        rs2268417
Genotype          NaN
Ref                 C
Alt                 T
Name: 602350, dtype: object.
Reason: 'float' object is not iterable
[WARNING] 2019-05-28 19:56:15,737:  Invalid SNP for user 2064. Marking invalid.
Row: Rsid        rs7648640
Genotype          NaN
Ref                 C
Alt                 T
Name: 602350, dtype: object.
Reason: 'float' object is not iterable
[INFO] 2019-05-28 19:56:15,852:  Finished calculating mutations for user 2064 (22/23) in 1 seconds
[INFO] 2019-05-28 19:56:15,853:  Started prediction mutations for user 2064 (22/23)...
[INFO] 2019-05-28 19:56:16,204:  Finished prediction mutations for user 2064 (22/23) in 0 seconds
[INFO] 2019-05-28 19:56:16,204:  Started calculating mutations for user 305 (23/23)...
[INFO] 2019-05-28 19:56:18,916:  Finished calculating mutations for user 305 (23/23) in 2 seconds
[INFO] 2019-05-28 19:56:18,927:  Started prediction mutations for user 305 (23/23)...
[INFO] 2019-05-28 19:56:19,404:  Finished prediction mutations for user 305 (23/23) in 0 seconds
