[INFO] 2019-05-27 22:29:18,914:  Started preprocessing data...
[INFO] 2019-05-27 22:29:18,914:  Started building SNP data frame...
[INFO] 2019-05-27 22:29:48,996:  Finished building SNP data frame in 30 seconds
[INFO] 2019-05-27 22:29:49,022:  Started building final data structure...
[INFO] 2019-05-27 22:29:49,022:  15 Users for Phenotype Brown
[INFO] 2019-05-27 22:29:49,055:  Started processing user 33 with phenotype 'Brown' (1/15)...
[INFO] 2019-05-27 22:30:06,613:  Finished processing user 33 with phenotype 'Brown' (1/15) in 17 seconds
[INFO] 2019-05-27 22:30:06,633:  Started processing user 266 with phenotype 'Brown' (2/15)...
[INFO] 2019-05-27 22:30:23,049:  Finished processing user 266 with phenotype 'Brown' (2/15) in 16 seconds
[INFO] 2019-05-27 22:30:23,092:  Started processing user 276 with phenotype 'Brown' (3/15)...
[INFO] 2019-05-27 22:30:39,686:  Finished processing user 276 with phenotype 'Brown' (3/15) in 16 seconds
[INFO] 2019-05-27 22:30:39,713:  Started processing user 44 with phenotype 'Brown' (4/15)...
[INFO] 2019-05-27 22:30:57,839:  Finished processing user 44 with phenotype 'Brown' (4/15) in 18 seconds
[INFO] 2019-05-27 22:30:57,868:  Started processing user 258 with phenotype 'Brown' (5/15)...
[INFO] 2019-05-27 22:31:14,715:  Finished processing user 258 with phenotype 'Brown' (5/15) in 16 seconds
[INFO] 2019-05-27 22:31:14,752:  Started processing user 268 with phenotype 'Brown' (6/15)...
[INFO] 2019-05-27 22:31:31,575:  Finished processing user 268 with phenotype 'Brown' (6/15) in 16 seconds
[INFO] 2019-05-27 22:31:31,622:  Started processing user 189 with phenotype 'Brown' (7/15)...
[INFO] 2019-05-27 22:31:49,267:  Finished processing user 189 with phenotype 'Brown' (7/15) in 17 seconds
[INFO] 2019-05-27 22:31:49,333:  Started processing user 357 with phenotype 'Brown' (8/15)...
[INFO] 2019-05-27 22:32:05,916:  Finished processing user 357 with phenotype 'Brown' (8/15) in 16 seconds
[INFO] 2019-05-27 22:32:05,962:  Started processing user 279 with phenotype 'Brown' (9/15)...
[INFO] 2019-05-27 22:32:23,595:  Finished processing user 279 with phenotype 'Brown' (9/15) in 17 seconds
[INFO] 2019-05-27 22:32:23,642:  Started processing user 311 with phenotype 'Brown' (10/15)...
[INFO] 2019-05-27 22:32:41,167:  Finished processing user 311 with phenotype 'Brown' (10/15) in 17 seconds
[INFO] 2019-05-27 22:32:41,215:  Started processing user 322 with phenotype 'Brown' (11/15)...
[INFO] 2019-05-27 22:32:58,029:  Finished processing user 322 with phenotype 'Brown' (11/15) in 16 seconds
[INFO] 2019-05-27 22:32:58,075:  Started processing user 325 with phenotype 'Brown' (12/15)...
[INFO] 2019-05-27 22:33:14,814:  Finished processing user 325 with phenotype 'Brown' (12/15) in 16 seconds
[INFO] 2019-05-27 22:33:14,868:  Started processing user 262 with phenotype 'Brown' (13/15)...
[INFO] 2019-05-27 22:33:25,209:  Finished processing user 262 with phenotype 'Brown' (13/15) in 10 seconds
[INFO] 2019-05-27 22:33:25,259:  Started processing user 323 with phenotype 'Brown' (14/15)...
[INFO] 2019-05-27 22:33:42,828:  Finished processing user 323 with phenotype 'Brown' (14/15) in 17 seconds
[INFO] 2019-05-27 22:33:42,880:  Started processing user 305 with phenotype 'Brown' (15/15)...
[INFO] 2019-05-27 22:34:01,122:  Finished processing user 305 with phenotype 'Brown' (15/15) in 18 seconds
[INFO] 2019-05-27 22:34:01,181:  Started calculating mutation percentages...
[INFO] 2019-05-27 22:35:55,543:  Finished calculating mutation percentages in 114 seconds
[INFO] 2019-05-27 22:35:55,543:  Started saving preprocessed file for phenotype 'Brown'...
[INFO] 2019-05-27 22:36:26,756:  Finished saving preprocessed file for phenotype 'Brown' in 31 seconds
[INFO] 2019-05-27 22:36:26,757:  -6 invalid user files found for phenotype 'Brown'
[INFO] 2019-05-27 22:36:26,757:  8 Users for Phenotype Blue_Green
[INFO] 2019-05-27 22:36:26,810:  Started processing user 2074 with phenotype 'Blue_Green' (1/8)...
[INFO] 2019-05-27 22:36:43,320:  Finished processing user 2074 with phenotype 'Blue_Green' (1/8) in 16 seconds
[INFO] 2019-05-27 22:36:43,341:  Started processing user 45 with phenotype 'Blue_Green' (2/8)...
[INFO] 2019-05-27 22:36:48,586:  Finished processing user 45 with phenotype 'Blue_Green' (2/8) in 5 seconds
[INFO] 2019-05-27 22:36:48,625:  Started processing user 241 with phenotype 'Blue_Green' (3/8)...
[INFO] 2019-05-27 22:37:05,318:  Finished processing user 241 with phenotype 'Blue_Green' (3/8) in 16 seconds
[INFO] 2019-05-27 22:37:05,358:  Started processing user 1892 with phenotype 'Blue_Green' (4/8)...
[INFO] 2019-05-27 22:37:22,689:  Finished processing user 1892 with phenotype 'Blue_Green' (4/8) in 17 seconds
[INFO] 2019-05-27 22:37:22,727:  Started processing user 53 with phenotype 'Blue_Green' (5/8)...
[INFO] 2019-05-27 22:37:41,014:  Finished processing user 53 with phenotype 'Blue_Green' (5/8) in 18 seconds
[INFO] 2019-05-27 22:37:41,047:  Started processing user 287 with phenotype 'Blue_Green' (6/8)...
[INFO] 2019-05-27 22:37:58,441:  Finished processing user 287 with phenotype 'Blue_Green' (6/8) in 17 seconds
[INFO] 2019-05-27 22:37:58,476:  Started processing user 200 with phenotype 'Blue_Green' (7/8)...
[INFO] 2019-05-27 22:38:15,634:  Finished processing user 200 with phenotype 'Blue_Green' (7/8) in 17 seconds
[INFO] 2019-05-27 22:38:15,667:  Started processing user 2064 with phenotype 'Blue_Green' (8/8)...
[INFO] 2019-05-27 22:38:25,672:  Finished processing user 2064 with phenotype 'Blue_Green' (8/8) in 10 seconds
[INFO] 2019-05-27 22:38:25,714:  Started calculating mutation percentages...
[INFO] 2019-05-27 22:40:17,669:  Finished calculating mutation percentages in 111 seconds
[INFO] 2019-05-27 22:40:17,675:  Started saving preprocessed file for phenotype 'Blue_Green'...
[INFO] 2019-05-27 22:40:38,064:  Finished saving preprocessed file for phenotype 'Blue_Green' in 20 seconds
[INFO] 2019-05-27 22:40:38,064:  -6 invalid user files found for phenotype 'Blue_Green'
[INFO] 2019-05-27 22:40:38,064:  Finished building final data structure in 649 seconds
[INFO] 2019-05-27 22:40:38,160:  Finished preprocessing data in 679 seconds
[INFO] 2019-05-27 22:40:38,161:  Output written to "resources/data/preprocessed"
